<?xml version="1.0" encoding="UTF-8"?>
<!-- Generated by org.testng.reporters.JUnitXMLReporter -->
<testsuite ignored="1" hostname="LAPTOP-CQKLIHEN" failures="0" tests="1" name="Default test" time="11.986" errors="0" timestamp="2022-01-03T15:41:05 EST">
  <testcase classname="HomeWork16.Useing_of_alert_method_test" name="alartInstall" time="3.293"/>
  <testcase classname="HomeWork16.Useing_of_alert_method_test" name="dismisAlertTest" time="0.0">
    <ignored/>
  </testcase> <!-- dismisAlertTest -->
</testsuite> <!-- Default test -->
