<?xml version="1.0" encoding="UTF-8"?>
<testng-results ignored="0" total="1" passed="1" failed="0" skipped="0">
  <reporter-output>
  </reporter-output>
  <suite started-at="2021-12-22T10:37:32 EST" name="Default suite" finished-at="2021-12-22T10:37:44 EST" duration-ms="11779">
    <groups>
    </groups>
    <test started-at="2021-12-22T10:37:32 EST" name="Default test" finished-at="2021-12-22T10:37:44 EST" duration-ms="11779">
      <class name="HomeWork14.TestNGAnnotationMathod">
        <test-method is-config="true" signature="setUp()[pri:0, instance:HomeWork14.TestNGAnnotationMathod@bae7dc0]" started-at="2021-12-22T10:37:32 EST" name="setUp" finished-at="2021-12-22T10:37:39 EST" duration-ms="7389" status="PASS">
          <reporter-output>
          </reporter-output>
        </test-method> <!-- setUp -->
        <test-method signature="urlTest()[pri:0, instance:HomeWork14.TestNGAnnotationMathod@bae7dc0]" started-at="2021-12-22T10:37:39 EST" name="urlTest" finished-at="2021-12-22T10:37:43 EST" duration-ms="3567" status="PASS">
          <reporter-output>
          </reporter-output>
        </test-method> <!-- urlTest -->
        <test-method is-config="true" signature="tearUp()[pri:0, instance:HomeWork14.TestNGAnnotationMathod@bae7dc0]" started-at="2021-12-22T10:37:43 EST" name="tearUp" finished-at="2021-12-22T10:37:44 EST" duration-ms="765" status="PASS">
          <reporter-output>
          </reporter-output>
        </test-method> <!-- tearUp -->
      </class> <!-- HomeWork14.TestNGAnnotationMathod -->
    </test> <!-- Default test -->
  </suite> <!-- Default suite -->
</testng-results>
