<?xml version="1.0" encoding="UTF-8"?>
<testng-results ignored="0" total="2" passed="2" failed="0" skipped="0">
  <reporter-output>
  </reporter-output>
  <suite started-at="2022-01-04T11:41:01 EST" name="Default suite" finished-at="2022-01-04T11:41:19 EST" duration-ms="17586">
    <groups>
    </groups>
    <test started-at="2022-01-04T11:41:01 EST" name="Default test" finished-at="2022-01-04T11:41:19 EST" duration-ms="17586">
      <class name="HomeWork16.Useing_of_alert_method_test">
        <test-method is-config="true" signature="setUp()[pri:0, instance:HomeWork16.Useing_of_alert_method_test@209da20d]" started-at="2022-01-04T11:41:01 EST" name="setUp" finished-at="2022-01-04T11:41:09 EST" duration-ms="7828" status="PASS">
          <reporter-output>
          </reporter-output>
        </test-method> <!-- setUp -->
        <test-method signature="alartInConfirmationTest()[pri:1, instance:HomeWork16.Useing_of_alert_method_test@209da20d]" started-at="2022-01-04T11:41:09 EST" name="alartInConfirmationTest" finished-at="2022-01-04T11:41:15 EST" duration-ms="6126" status="PASS">
          <reporter-output>
          </reporter-output>
        </test-method> <!-- alartInConfirmationTest -->
        <test-method signature="dismisAlertTest()[pri:2, instance:HomeWork16.Useing_of_alert_method_test@209da20d]" started-at="2022-01-04T11:41:15 EST" name="dismisAlertTest" finished-at="2022-01-04T11:41:19 EST" duration-ms="3072" status="PASS">
          <reporter-output>
          </reporter-output>
        </test-method> <!-- dismisAlertTest -->
        <test-method is-config="true" signature="tearUp()[pri:0, instance:HomeWork16.Useing_of_alert_method_test@209da20d]" started-at="2022-01-04T11:41:19 EST" name="tearUp" finished-at="2022-01-04T11:41:19 EST" duration-ms="524" status="PASS">
          <reporter-output>
          </reporter-output>
        </test-method> <!-- tearUp -->
      </class> <!-- HomeWork16.Useing_of_alert_method_test -->
    </test> <!-- Default test -->
  </suite> <!-- Default suite -->
</testng-results>
